2019-10-12 15:09:34.684  INFO 30256 --- [main] com.shu.wms.BaseApplication              : Starting BaseApplication on DESKTOP-1EFJSRC with PID 30256 (E:\shu\IdeaProjects\wms\wms-base\target\classes started by shu in E:\shu\IdeaProjects\wms)
2019-10-12 15:09:34.699  INFO 30256 --- [main] com.shu.wms.BaseApplication              : No active profile set, falling back to default profiles: default
2019-10-12 15:09:40.261  INFO 30256 --- [main] .s.d.r.c.RepositoryConfigurationDelegate : Bootstrapping Spring Data repositories in DEFAULT mode.
2019-10-12 15:09:40.403  INFO 30256 --- [main] .s.d.r.c.RepositoryConfigurationDelegate : Finished Spring Data repository scanning in 91ms. Found 0 repository interfaces.
2019-10-12 15:09:43.887  INFO 30256 --- [main] trationDelegate$BeanPostProcessorChecker : Bean 'org.springframework.transaction.annotation.ProxyTransactionManagementConfiguration' of type [org.springframework.transaction.annotation.ProxyTransactionManagementConfiguration$$EnhancerBySpringCGLIB$$403973f6] is not eligible for getting processed by all BeanPostProcessors (for example: not eligible for auto-proxying)
2019-10-12 15:09:52.320  INFO 30256 --- [main] o.s.b.w.embedded.tomcat.TomcatWebServer  : Tomcat initialized with port(s): 8082 (http)
2019-10-12 15:09:52.444  INFO 30256 --- [main] o.apache.catalina.core.StandardService   : Starting service [Tomcat]
2019-10-12 15:09:52.444  INFO 30256 --- [main] org.apache.catalina.core.StandardEngine  : Starting Servlet engine: [Apache Tomcat/9.0.19]
2019-10-12 15:09:52.910  INFO 30256 --- [main] o.a.c.c.C.[Tomcat].[localhost].[/]       : Initializing Spring embedded WebApplicationContext
2019-10-12 15:09:52.910  INFO 30256 --- [main] o.s.web.context.ContextLoader            : Root WebApplicationContext: initialization completed in 17841 ms
2019-10-12 15:09:54.597  INFO 30256 --- [main] o.hibernate.jpa.internal.util.LogHelper  : HHH000204: Processing PersistenceUnitInfo [
	name: default
	...]
2019-10-12 15:09:55.462  INFO 30256 --- [main] org.hibernate.Version                    : HHH000412: Hibernate Core {5.3.10.Final}
2019-10-12 15:09:55.462  INFO 30256 --- [main] org.hibernate.cfg.Environment            : HHH000206: hibernate.properties not found
2019-10-12 15:09:56.732  WARN 30256 --- [main] org.hibernate.orm.deprecation            : HHH020100: The Ehcache second-level cache provider for Hibernate is deprecated.  See https://hibernate.atlassian.net/browse/HHH-12441 for details.
2019-10-12 15:09:56.815  INFO 30256 --- [main] o.hibernate.annotations.common.Version   : HCANN000001: Hibernate Commons Annotations {5.0.4.Final}
2019-10-12 15:09:58.024  INFO 30256 --- [main] com.alibaba.druid.pool.DruidDataSource   : {dataSource-1} inited
2019-10-12 15:10:00.282  INFO 30256 --- [main] org.hibernate.dialect.Dialect            : HHH000400: Using dialect: org.hibernate.dialect.MySQL5Dialect
2019-10-12 15:10:01.078  WARN 30256 --- [main] org.hibernate.id.UUIDHexGenerator        : HHH000409: Using org.hibernate.id.UUIDHexGenerator which does not generate IETF RFC 4122 compliant UUID values; consider using org.hibernate.id.UUIDGenerator instead
2019-10-12 15:10:02.105  WARN 30256 --- [main] org.hibernate.orm.cache                  : HHH90001007: Using legacy cache name [org.hibernate.cache.spi.UpdateTimestampsCache] because configuration could not be found for cache [default-update-timestamps-region]. Update your configuration to rename cache [org.hibernate.cache.spi.UpdateTimestampsCache] to [default-update-timestamps-region].
2019-10-12 15:10:02.105  WARN 30256 --- [main] org.hibernate.orm.cache                  : HHH90001007: Using legacy cache name [org.hibernate.cache.internal.StandardQueryCache] because configuration could not be found for cache [default-query-results-region]. Update your configuration to rename cache [org.hibernate.cache.internal.StandardQueryCache] to [default-query-results-region].
2019-10-12 15:10:02.332  WARN 30256 --- [main] ConfigServletWebServerApplicationContext : Exception encountered during context initialization - cancelling refresh attempt: org.springframework.beans.factory.BeanCreationException: Error creating bean with name 'entityManagerFactory' defined in class path resource [org/springframework/boot/autoconfigure/orm/jpa/HibernateJpaConfiguration.class]: Invocation of init method failed; nested exception is javax.persistence.PersistenceException: [PersistenceUnit: default] Unable to build Hibernate SessionFactory; nested exception is org.hibernate.cfg.beanvalidation.IntegrationException: Error activating Bean Validation integration
2019-10-12 15:10:02.347  INFO 30256 --- [main] com.alibaba.druid.pool.DruidDataSource   : {dataSource-1} closed
2019-10-12 15:10:02.347  INFO 30256 --- [main] o.apache.catalina.core.StandardService   : Stopping service [Tomcat]
2019-10-12 15:10:02.394  INFO 30256 --- [main] ConditionEvaluationReportLoggingListener : 

Error starting ApplicationContext. To display the conditions report re-run your application with 'debug' enabled.
2019-10-12 15:10:02.426 ERROR 30256 --- [main] o.s.boot.SpringApplication               : Application run failed

org.springframework.beans.factory.BeanCreationException: Error creating bean with name 'entityManagerFactory' defined in class path resource [org/springframework/boot/autoconfigure/orm/jpa/HibernateJpaConfiguration.class]: Invocation of init method failed; nested exception is javax.persistence.PersistenceException: [PersistenceUnit: default] Unable to build Hibernate SessionFactory; nested exception is org.hibernate.cfg.beanvalidation.IntegrationException: Error activating Bean Validation integration
	at org.springframework.beans.factory.support.AbstractAutowireCapableBeanFactory.initializeBean(AbstractAutowireCapableBeanFactory.java:1778) ~[spring-beans-5.1.7.RELEASE.jar:5.1.7.RELEASE]
	at org.springframework.beans.factory.support.AbstractAutowireCapableBeanFactory.doCreateBean(AbstractAutowireCapableBeanFactory.java:593) ~[spring-beans-5.1.7.RELEASE.jar:5.1.7.RELEASE]
	at org.springframework.beans.factory.support.AbstractAutowireCapableBeanFactory.createBean(AbstractAutowireCapableBeanFactory.java:515) ~[spring-beans-5.1.7.RELEASE.jar:5.1.7.RELEASE]
	at org.springframework.beans.factory.support.AbstractBeanFactory.lambda$doGetBean$0(AbstractBeanFactory.java:320) ~[spring-beans-5.1.7.RELEASE.jar:5.1.7.RELEASE]
	at org.springframework.beans.factory.support.DefaultSingletonBeanRegistry.getSingleton(DefaultSingletonBeanRegistry.java:222) ~[spring-beans-5.1.7.RELEASE.jar:5.1.7.RELEASE]
	at org.springframework.beans.factory.support.AbstractBeanFactory.doGetBean(AbstractBeanFactory.java:318) ~[spring-beans-5.1.7.RELEASE.jar:5.1.7.RELEASE]
	at org.springframework.beans.factory.support.AbstractBeanFactory.getBean(AbstractBeanFactory.java:199) ~[spring-beans-5.1.7.RELEASE.jar:5.1.7.RELEASE]
	at org.springframework.context.support.AbstractApplicationContext.getBean(AbstractApplicationContext.java:1105) ~[spring-context-5.1.7.RELEASE.jar:5.1.7.RELEASE]
	at org.springframework.context.support.AbstractApplicationContext.finishBeanFactoryInitialization(AbstractApplicationContext.java:867) ~[spring-context-5.1.7.RELEASE.jar:5.1.7.RELEASE]
	at org.springframework.context.support.AbstractApplicationContext.refresh(AbstractApplicationContext.java:549) ~[spring-context-5.1.7.RELEASE.jar:5.1.7.RELEASE]
	at org.springframework.boot.web.servlet.context.ServletWebServerApplicationContext.refresh(ServletWebServerApplicationContext.java:142) ~[spring-boot-2.1.5.RELEASE.jar:2.1.5.RELEASE]
	at org.springframework.boot.SpringApplication.refresh(SpringApplication.java:775) [spring-boot-2.1.5.RELEASE.jar:2.1.5.RELEASE]
	at org.springframework.boot.SpringApplication.refreshContext(SpringApplication.java:397) [spring-boot-2.1.5.RELEASE.jar:2.1.5.RELEASE]
	at org.springframework.boot.SpringApplication.run(SpringApplication.java:316) [spring-boot-2.1.5.RELEASE.jar:2.1.5.RELEASE]
	at org.springframework.boot.SpringApplication.run(SpringApplication.java:1260) [spring-boot-2.1.5.RELEASE.jar:2.1.5.RELEASE]
	at org.springframework.boot.SpringApplication.run(SpringApplication.java:1248) [spring-boot-2.1.5.RELEASE.jar:2.1.5.RELEASE]
	at com.shu.wms.BaseApplication.main(BaseApplication.java:14) [classes/:na]
Caused by: javax.persistence.PersistenceException: [PersistenceUnit: default] Unable to build Hibernate SessionFactory; nested exception is org.hibernate.cfg.beanvalidation.IntegrationException: Error activating Bean Validation integration
	at org.springframework.orm.jpa.AbstractEntityManagerFactoryBean.buildNativeEntityManagerFactory(AbstractEntityManagerFactoryBean.java:402) ~[spring-orm-5.1.7.RELEASE.jar:5.1.7.RELEASE]
	at org.springframework.orm.jpa.AbstractEntityManagerFactoryBean.afterPropertiesSet(AbstractEntityManagerFactoryBean.java:377) ~[spring-orm-5.1.7.RELEASE.jar:5.1.7.RELEASE]
	at org.springframework.orm.jpa.LocalContainerEntityManagerFactoryBean.afterPropertiesSet(LocalContainerEntityManagerFactoryBean.java:341) ~[spring-orm-5.1.7.RELEASE.jar:5.1.7.RELEASE]
	at org.springframework.beans.factory.support.AbstractAutowireCapableBeanFactory.invokeInitMethods(AbstractAutowireCapableBeanFactory.java:1837) ~[spring-beans-5.1.7.RELEASE.jar:5.1.7.RELEASE]
	at org.springframework.beans.factory.support.AbstractAutowireCapableBeanFactory.initializeBean(AbstractAutowireCapableBeanFactory.java:1774) ~[spring-beans-5.1.7.RELEASE.jar:5.1.7.RELEASE]
	... 16 common frames omitted
Caused by: org.hibernate.cfg.beanvalidation.IntegrationException: Error activating Bean Validation integration
	at org.hibernate.cfg.beanvalidation.BeanValidationIntegrator.integrate(BeanValidationIntegrator.java:137) ~[hibernate-core-5.3.10.Final.jar:5.3.10.Final]
	at org.hibernate.internal.SessionFactoryImpl.<init>(SessionFactoryImpl.java:276) ~[hibernate-core-5.3.10.Final.jar:5.3.10.Final]
	at org.hibernate.boot.internal.SessionFactoryBuilderImpl.build(SessionFactoryBuilderImpl.java:467) ~[hibernate-core-5.3.10.Final.jar:5.3.10.Final]
	at org.hibernate.jpa.boot.internal.EntityManagerFactoryBuilderImpl.build(EntityManagerFactoryBuilderImpl.java:939) ~[hibernate-core-5.3.10.Final.jar:5.3.10.Final]
	at org.springframework.orm.jpa.vendor.SpringHibernateJpaPersistenceProvider.createContainerEntityManagerFactory(SpringHibernateJpaPersistenceProvider.java:57) ~[spring-orm-5.1.7.RELEASE.jar:5.1.7.RELEASE]
	at org.springframework.orm.jpa.LocalContainerEntityManagerFactoryBean.createNativeEntityManagerFactory(LocalContainerEntityManagerFactoryBean.java:365) ~[spring-orm-5.1.7.RELEASE.jar:5.1.7.RELEASE]
	at org.springframework.orm.jpa.AbstractEntityManagerFactoryBean.buildNativeEntityManagerFactory(AbstractEntityManagerFactoryBean.java:390) ~[spring-orm-5.1.7.RELEASE.jar:5.1.7.RELEASE]
	... 20 common frames omitted
Caused by: java.lang.IllegalAccessError: javax/el/Util
	at javax.el.ELManager.getExpressionFactory(ELManager.java:30) ~[tomcat-embed-el-9.0.19.jar:2.2.FR]
	at org.hibernate.validator.messageinterpolation.ResourceBundleMessageInterpolator.buildExpressionFactory(ResourceBundleMessageInterpolator.java:88) ~[hibernate-validator-6.0.16.Final.jar:6.0.16.Final]
	at org.hibernate.validator.messageinterpolation.ResourceBundleMessageInterpolator.<init>(ResourceBundleMessageInterpolator.java:47) ~[hibernate-validator-6.0.16.Final.jar:6.0.16.Final]
	at org.hibernate.validator.internal.engine.ConfigurationImpl.getDefaultMessageInterpolator(ConfigurationImpl.java:474) ~[hibernate-validator-6.0.16.Final.jar:6.0.16.Final]
	at org.hibernate.validator.internal.engine.ConfigurationImpl.getDefaultMessageInterpolatorConfiguredWithClassLoader(ConfigurationImpl.java:650) ~[hibernate-validator-6.0.16.Final.jar:6.0.16.Final]
	at org.hibernate.validator.internal.engine.ConfigurationImpl.getMessageInterpolator(ConfigurationImpl.java:397) ~[hibernate-validator-6.0.16.Final.jar:6.0.16.Final]
	at org.hibernate.validator.internal.engine.ValidatorFactoryImpl.<init>(ValidatorFactoryImpl.java:183) ~[hibernate-validator-6.0.16.Final.jar:6.0.16.Final]
	at org.hibernate.validator.HibernateValidator.buildValidatorFactory(HibernateValidator.java:38) ~[hibernate-validator-6.0.16.Final.jar:6.0.16.Final]
	at org.hibernate.validator.internal.engine.ConfigurationImpl.buildValidatorFactory(ConfigurationImpl.java:364) ~[hibernate-validator-6.0.16.Final.jar:6.0.16.Final]
	at javax.validation.Validation.buildDefaultValidatorFactory(Validation.java:103) ~[validation-api-2.0.1.Final.jar:na]
	at org.hibernate.cfg.beanvalidation.TypeSafeActivator.getValidatorFactory(TypeSafeActivator.java:501) ~[hibernate-core-5.3.10.Final.jar:5.3.10.Final]
	at org.hibernate.cfg.beanvalidation.TypeSafeActivator.activate(TypeSafeActivator.java:84) ~[hibernate-core-5.3.10.Final.jar:5.3.10.Final]
	at sun.reflect.NativeMethodAccessorImpl.invoke0(Native Method) ~[na:1.8.0_172]
	at sun.reflect.NativeMethodAccessorImpl.invoke(NativeMethodAccessorImpl.java:62) ~[na:1.8.0_172]
	at sun.reflect.DelegatingMethodAccessorImpl.invoke(DelegatingMethodAccessorImpl.java:43) ~[na:1.8.0_172]
	at java.lang.reflect.Method.invoke(Method.java:498) ~[na:1.8.0_172]
	at org.hibernate.cfg.beanvalidation.BeanValidationIntegrator.integrate(BeanValidationIntegrator.java:131) ~[hibernate-core-5.3.10.Final.jar:5.3.10.Final]
	... 26 common frames omitted

2019-10-12 15:22:25.137  INFO 58132 --- [main] com.shu.wms.BaseApplication              : Starting BaseApplication on DESKTOP-1EFJSRC with PID 58132 (E:\shu\IdeaProjects\wms\wms-base\target\classes started by shu in E:\shu\IdeaProjects\wms)
2019-10-12 15:22:25.157  INFO 58132 --- [main] com.shu.wms.BaseApplication              : No active profile set, falling back to default profiles: default
2019-10-12 15:22:29.389  INFO 58132 --- [main] .s.d.r.c.RepositoryConfigurationDelegate : Bootstrapping Spring Data repositories in DEFAULT mode.
2019-10-12 15:22:29.555  INFO 58132 --- [main] .s.d.r.c.RepositoryConfigurationDelegate : Finished Spring Data repository scanning in 109ms. Found 0 repository interfaces.
2019-10-12 15:22:32.038  INFO 58132 --- [main] trationDelegate$BeanPostProcessorChecker : Bean 'org.springframework.transaction.annotation.ProxyTransactionManagementConfiguration' of type [org.springframework.transaction.annotation.ProxyTransactionManagementConfiguration$$EnhancerBySpringCGLIB$$dfc7e076] is not eligible for getting processed by all BeanPostProcessors (for example: not eligible for auto-proxying)
2019-10-12 15:22:38.770  INFO 58132 --- [main] o.s.b.w.embedded.tomcat.TomcatWebServer  : Tomcat initialized with port(s): 8082 (http)
2019-10-12 15:22:38.854  INFO 58132 --- [main] o.apache.catalina.core.StandardService   : Starting service [Tomcat]
2019-10-12 15:22:38.855  INFO 58132 --- [main] org.apache.catalina.core.StandardEngine  : Starting Servlet engine: [Apache Tomcat/9.0.19]
2019-10-12 15:22:39.219  INFO 58132 --- [main] o.a.c.c.C.[Tomcat].[localhost].[/]       : Initializing Spring embedded WebApplicationContext
2019-10-12 15:22:39.219  INFO 58132 --- [main] o.s.web.context.ContextLoader            : Root WebApplicationContext: initialization completed in 13806 ms
2019-10-12 15:22:40.264  INFO 58132 --- [main] o.hibernate.jpa.internal.util.LogHelper  : HHH000204: Processing PersistenceUnitInfo [
	name: default
	...]
2019-10-12 15:22:40.515  INFO 58132 --- [main] org.hibernate.Version                    : HHH000412: Hibernate Core {5.3.10.Final}
2019-10-12 15:22:40.520  INFO 58132 --- [main] org.hibernate.cfg.Environment            : HHH000206: hibernate.properties not found
2019-10-12 15:22:41.033  WARN 58132 --- [main] org.hibernate.orm.deprecation            : HHH020100: The Ehcache second-level cache provider for Hibernate is deprecated.  See https://hibernate.atlassian.net/browse/HHH-12441 for details.
2019-10-12 15:22:41.079  INFO 58132 --- [main] o.hibernate.annotations.common.Version   : HCANN000001: Hibernate Commons Annotations {5.0.4.Final}
2019-10-12 15:22:41.818  INFO 58132 --- [main] com.alibaba.druid.pool.DruidDataSource   : {dataSource-1} inited
2019-10-12 15:22:42.311  INFO 58132 --- [main] org.hibernate.dialect.Dialect            : HHH000400: Using dialect: org.hibernate.dialect.MySQL5Dialect
2019-10-12 15:22:42.894  WARN 58132 --- [main] org.hibernate.id.UUIDHexGenerator        : HHH000409: Using org.hibernate.id.UUIDHexGenerator which does not generate IETF RFC 4122 compliant UUID values; consider using org.hibernate.id.UUIDGenerator instead
2019-10-12 15:22:43.551  WARN 58132 --- [main] org.hibernate.orm.cache                  : HHH90001007: Using legacy cache name [org.hibernate.cache.spi.UpdateTimestampsCache] because configuration could not be found for cache [default-update-timestamps-region]. Update your configuration to rename cache [org.hibernate.cache.spi.UpdateTimestampsCache] to [default-update-timestamps-region].
2019-10-12 15:22:43.557  WARN 58132 --- [main] org.hibernate.orm.cache                  : HHH90001007: Using legacy cache name [org.hibernate.cache.internal.StandardQueryCache] because configuration could not be found for cache [default-query-results-region]. Update your configuration to rename cache [org.hibernate.cache.internal.StandardQueryCache] to [default-query-results-region].
2019-10-12 15:22:43.686  WARN 58132 --- [main] ConfigServletWebServerApplicationContext : Exception encountered during context initialization - cancelling refresh attempt: org.springframework.beans.factory.BeanCreationException: Error creating bean with name 'entityManagerFactory' defined in class path resource [org/springframework/boot/autoconfigure/orm/jpa/HibernateJpaConfiguration.class]: Invocation of init method failed; nested exception is javax.persistence.PersistenceException: [PersistenceUnit: default] Unable to build Hibernate SessionFactory; nested exception is org.hibernate.cfg.beanvalidation.IntegrationException: Error activating Bean Validation integration
2019-10-12 15:22:43.705  INFO 58132 --- [main] com.alibaba.druid.pool.DruidDataSource   : {dataSource-1} closed
2019-10-12 15:22:43.711  INFO 58132 --- [main] o.apache.catalina.core.StandardService   : Stopping service [Tomcat]
2019-10-12 15:22:43.741  INFO 58132 --- [main] ConditionEvaluationReportLoggingListener : 

Error starting ApplicationContext. To display the conditions report re-run your application with 'debug' enabled.
2019-10-12 15:22:43.754 ERROR 58132 --- [main] o.s.boot.SpringApplication               : Application run failed

org.springframework.beans.factory.BeanCreationException: Error creating bean with name 'entityManagerFactory' defined in class path resource [org/springframework/boot/autoconfigure/orm/jpa/HibernateJpaConfiguration.class]: Invocation of init method failed; nested exception is javax.persistence.PersistenceException: [PersistenceUnit: default] Unable to build Hibernate SessionFactory; nested exception is org.hibernate.cfg.beanvalidation.IntegrationException: Error activating Bean Validation integration
	at org.springframework.beans.factory.support.AbstractAutowireCapableBeanFactory.initializeBean(AbstractAutowireCapableBeanFactory.java:1778) ~[spring-beans-5.1.7.RELEASE.jar:5.1.7.RELEASE]
	at org.springframework.beans.factory.support.AbstractAutowireCapableBeanFactory.doCreateBean(AbstractAutowireCapableBeanFactory.java:593) ~[spring-beans-5.1.7.RELEASE.jar:5.1.7.RELEASE]
	at org.springframework.beans.factory.support.AbstractAutowireCapableBeanFactory.createBean(AbstractAutowireCapableBeanFactory.java:515) ~[spring-beans-5.1.7.RELEASE.jar:5.1.7.RELEASE]
	at org.springframework.beans.factory.support.AbstractBeanFactory.lambda$doGetBean$0(AbstractBeanFactory.java:320) ~[spring-beans-5.1.7.RELEASE.jar:5.1.7.RELEASE]
	at org.springframework.beans.factory.support.DefaultSingletonBeanRegistry.getSingleton(DefaultSingletonBeanRegistry.java:222) ~[spring-beans-5.1.7.RELEASE.jar:5.1.7.RELEASE]
	at org.springframework.beans.factory.support.AbstractBeanFactory.doGetBean(AbstractBeanFactory.java:318) ~[spring-beans-5.1.7.RELEASE.jar:5.1.7.RELEASE]
	at org.springframework.beans.factory.support.AbstractBeanFactory.getBean(AbstractBeanFactory.java:199) ~[spring-beans-5.1.7.RELEASE.jar:5.1.7.RELEASE]
	at org.springframework.context.support.AbstractApplicationContext.getBean(AbstractApplicationContext.java:1105) ~[spring-context-5.1.7.RELEASE.jar:5.1.7.RELEASE]
	at org.springframework.context.support.AbstractApplicationContext.finishBeanFactoryInitialization(AbstractApplicationContext.java:867) ~[spring-context-5.1.7.RELEASE.jar:5.1.7.RELEASE]
	at org.springframework.context.support.AbstractApplicationContext.refresh(AbstractApplicationContext.java:549) ~[spring-context-5.1.7.RELEASE.jar:5.1.7.RELEASE]
	at org.springframework.boot.web.servlet.context.ServletWebServerApplicationContext.refresh(ServletWebServerApplicationContext.java:142) ~[spring-boot-2.1.5.RELEASE.jar:2.1.5.RELEASE]
	at org.springframework.boot.SpringApplication.refresh(SpringApplication.java:775) [spring-boot-2.1.5.RELEASE.jar:2.1.5.RELEASE]
	at org.springframework.boot.SpringApplication.refreshContext(SpringApplication.java:397) [spring-boot-2.1.5.RELEASE.jar:2.1.5.RELEASE]
	at org.springframework.boot.SpringApplication.run(SpringApplication.java:316) [spring-boot-2.1.5.RELEASE.jar:2.1.5.RELEASE]
	at org.springframework.boot.SpringApplication.run(SpringApplication.java:1260) [spring-boot-2.1.5.RELEASE.jar:2.1.5.RELEASE]
	at org.springframework.boot.SpringApplication.run(SpringApplication.java:1248) [spring-boot-2.1.5.RELEASE.jar:2.1.5.RELEASE]
	at com.shu.wms.BaseApplication.main(BaseApplication.java:14) [classes/:na]
Caused by: javax.persistence.PersistenceException: [PersistenceUnit: default] Unable to build Hibernate SessionFactory; nested exception is org.hibernate.cfg.beanvalidation.IntegrationException: Error activating Bean Validation integration
	at org.springframework.orm.jpa.AbstractEntityManagerFactoryBean.buildNativeEntityManagerFactory(AbstractEntityManagerFactoryBean.java:402) ~[spring-orm-5.1.7.RELEASE.jar:5.1.7.RELEASE]
	at org.springframework.orm.jpa.AbstractEntityManagerFactoryBean.afterPropertiesSet(AbstractEntityManagerFactoryBean.java:377) ~[spring-orm-5.1.7.RELEASE.jar:5.1.7.RELEASE]
	at org.springframework.orm.jpa.LocalContainerEntityManagerFactoryBean.afterPropertiesSet(LocalContainerEntityManagerFactoryBean.java:341) ~[spring-orm-5.1.7.RELEASE.jar:5.1.7.RELEASE]
	at org.springframework.beans.factory.support.AbstractAutowireCapableBeanFactory.invokeInitMethods(AbstractAutowireCapableBeanFactory.java:1837) ~[spring-beans-5.1.7.RELEASE.jar:5.1.7.RELEASE]
	at org.springframework.beans.factory.support.AbstractAutowireCapableBeanFactory.initializeBean(AbstractAutowireCapableBeanFactory.java:1774) ~[spring-beans-5.1.7.RELEASE.jar:5.1.7.RELEASE]
	... 16 common frames omitted
Caused by: org.hibernate.cfg.beanvalidation.IntegrationException: Error activating Bean Validation integration
	at org.hibernate.cfg.beanvalidation.BeanValidationIntegrator.integrate(BeanValidationIntegrator.java:137) ~[hibernate-core-5.3.10.Final.jar:5.3.10.Final]
	at org.hibernate.internal.SessionFactoryImpl.<init>(SessionFactoryImpl.java:276) ~[hibernate-core-5.3.10.Final.jar:5.3.10.Final]
	at org.hibernate.boot.internal.SessionFactoryBuilderImpl.build(SessionFactoryBuilderImpl.java:467) ~[hibernate-core-5.3.10.Final.jar:5.3.10.Final]
	at org.hibernate.jpa.boot.internal.EntityManagerFactoryBuilderImpl.build(EntityManagerFactoryBuilderImpl.java:939) ~[hibernate-core-5.3.10.Final.jar:5.3.10.Final]
	at org.springframework.orm.jpa.vendor.SpringHibernateJpaPersistenceProvider.createContainerEntityManagerFactory(SpringHibernateJpaPersistenceProvider.java:57) ~[spring-orm-5.1.7.RELEASE.jar:5.1.7.RELEASE]
	at org.springframework.orm.jpa.LocalContainerEntityManagerFactoryBean.createNativeEntityManagerFactory(LocalContainerEntityManagerFactoryBean.java:365) ~[spring-orm-5.1.7.RELEASE.jar:5.1.7.RELEASE]
	at org.springframework.orm.jpa.AbstractEntityManagerFactoryBean.buildNativeEntityManagerFactory(AbstractEntityManagerFactoryBean.java:390) ~[spring-orm-5.1.7.RELEASE.jar:5.1.7.RELEASE]
	... 20 common frames omitted
Caused by: java.lang.IllegalAccessError: javax/el/Util
	at javax.el.ELManager.getExpressionFactory(ELManager.java:30) ~[tomcat-embed-el-9.0.19.jar:2.2.FR]
	at org.hibernate.validator.messageinterpolation.ResourceBundleMessageInterpolator.buildExpressionFactory(ResourceBundleMessageInterpolator.java:88) ~[hibernate-validator-6.0.16.Final.jar:6.0.16.Final]
	at org.hibernate.validator.messageinterpolation.ResourceBundleMessageInterpolator.<init>(ResourceBundleMessageInterpolator.java:47) ~[hibernate-validator-6.0.16.Final.jar:6.0.16.Final]
	at org.hibernate.validator.internal.engine.ConfigurationImpl.getDefaultMessageInterpolator(ConfigurationImpl.java:474) ~[hibernate-validator-6.0.16.Final.jar:6.0.16.Final]
	at org.hibernate.validator.internal.engine.ConfigurationImpl.getDefaultMessageInterpolatorConfiguredWithClassLoader(ConfigurationImpl.java:650) ~[hibernate-validator-6.0.16.Final.jar:6.0.16.Final]
	at org.hibernate.validator.internal.engine.ConfigurationImpl.getMessageInterpolator(ConfigurationImpl.java:397) ~[hibernate-validator-6.0.16.Final.jar:6.0.16.Final]
	at org.hibernate.validator.internal.engine.ValidatorFactoryImpl.<init>(ValidatorFactoryImpl.java:183) ~[hibernate-validator-6.0.16.Final.jar:6.0.16.Final]
	at org.hibernate.validator.HibernateValidator.buildValidatorFactory(HibernateValidator.java:38) ~[hibernate-validator-6.0.16.Final.jar:6.0.16.Final]
	at org.hibernate.validator.internal.engine.ConfigurationImpl.buildValidatorFactory(ConfigurationImpl.java:364) ~[hibernate-validator-6.0.16.Final.jar:6.0.16.Final]
	at javax.validation.Validation.buildDefaultValidatorFactory(Validation.java:103) ~[validation-api-2.0.1.Final.jar:na]
	at org.hibernate.cfg.beanvalidation.TypeSafeActivator.getValidatorFactory(TypeSafeActivator.java:501) ~[hibernate-core-5.3.10.Final.jar:5.3.10.Final]
	at org.hibernate.cfg.beanvalidation.TypeSafeActivator.activate(TypeSafeActivator.java:84) ~[hibernate-core-5.3.10.Final.jar:5.3.10.Final]
	at sun.reflect.NativeMethodAccessorImpl.invoke0(Native Method) ~[na:1.8.0_172]
	at sun.reflect.NativeMethodAccessorImpl.invoke(NativeMethodAccessorImpl.java:62) ~[na:1.8.0_172]
	at sun.reflect.DelegatingMethodAccessorImpl.invoke(DelegatingMethodAccessorImpl.java:43) ~[na:1.8.0_172]
	at java.lang.reflect.Method.invoke(Method.java:498) ~[na:1.8.0_172]
	at org.hibernate.cfg.beanvalidation.BeanValidationIntegrator.integrate(BeanValidationIntegrator.java:131) ~[hibernate-core-5.3.10.Final.jar:5.3.10.Final]
	... 26 common frames omitted

2019-10-12 15:23:22.266  INFO 76264 --- [main] com.shu.wms.BaseApplication              : Starting BaseApplication on DESKTOP-1EFJSRC with PID 76264 (E:\shu\IdeaProjects\wms\wms-base\target\classes started by shu in E:\shu\IdeaProjects\wms)
2019-10-12 15:23:22.282  INFO 76264 --- [main] com.shu.wms.BaseApplication              : No active profile set, falling back to default profiles: default
2019-10-12 15:23:25.627  INFO 76264 --- [main] .s.d.r.c.RepositoryConfigurationDelegate : Bootstrapping Spring Data repositories in DEFAULT mode.
2019-10-12 15:23:25.722  INFO 76264 --- [main] .s.d.r.c.RepositoryConfigurationDelegate : Finished Spring Data repository scanning in 65ms. Found 0 repository interfaces.
2019-10-12 15:23:27.050  INFO 76264 --- [main] trationDelegate$BeanPostProcessorChecker : Bean 'org.springframework.transaction.annotation.ProxyTransactionManagementConfiguration' of type [org.springframework.transaction.annotation.ProxyTransactionManagementConfiguration$$EnhancerBySpringCGLIB$$a6d72867] is not eligible for getting processed by all BeanPostProcessors (for example: not eligible for auto-proxying)
2019-10-12 15:23:33.460  INFO 76264 --- [main] o.s.b.w.embedded.tomcat.TomcatWebServer  : Tomcat initialized with port(s): 8082 (http)
2019-10-12 15:23:33.544  INFO 76264 --- [main] o.apache.catalina.core.StandardService   : Starting service [Tomcat]
2019-10-12 15:23:33.545  INFO 76264 --- [main] org.apache.catalina.core.StandardEngine  : Starting Servlet engine: [Apache Tomcat/9.0.19]
2019-10-12 15:23:33.922  INFO 76264 --- [main] o.a.c.c.C.[Tomcat].[localhost].[/]       : Initializing Spring embedded WebApplicationContext
2019-10-12 15:23:33.923  INFO 76264 --- [main] o.s.web.context.ContextLoader            : Root WebApplicationContext: initialization completed in 11435 ms
2019-10-12 15:23:47.178  INFO 76264 --- [main] o.hibernate.jpa.internal.util.LogHelper  : HHH000204: Processing PersistenceUnitInfo [
	name: default
	...]
2019-10-12 15:23:47.394  INFO 76264 --- [main] org.hibernate.Version                    : HHH000412: Hibernate Core {5.3.10.Final}
2019-10-12 15:23:47.399  INFO 76264 --- [main] org.hibernate.cfg.Environment            : HHH000206: hibernate.properties not found
2019-10-12 15:23:47.947  WARN 76264 --- [main] org.hibernate.orm.deprecation            : HHH020100: The Ehcache second-level cache provider for Hibernate is deprecated.  See https://hibernate.atlassian.net/browse/HHH-12441 for details.
2019-10-12 15:23:48.001  INFO 76264 --- [main] o.hibernate.annotations.common.Version   : HCANN000001: Hibernate Commons Annotations {5.0.4.Final}
2019-10-12 15:23:48.667  INFO 76264 --- [main] com.alibaba.druid.pool.DruidDataSource   : {dataSource-1} inited
2019-10-12 15:23:49.129  INFO 76264 --- [main] org.hibernate.dialect.Dialect            : HHH000400: Using dialect: org.hibernate.dialect.MySQL5Dialect
2019-10-12 15:23:49.738  WARN 76264 --- [main] org.hibernate.id.UUIDHexGenerator        : HHH000409: Using org.hibernate.id.UUIDHexGenerator which does not generate IETF RFC 4122 compliant UUID values; consider using org.hibernate.id.UUIDGenerator instead
2019-10-12 15:23:50.483  WARN 76264 --- [main] org.hibernate.orm.cache                  : HHH90001007: Using legacy cache name [org.hibernate.cache.spi.UpdateTimestampsCache] because configuration could not be found for cache [default-update-timestamps-region]. Update your configuration to rename cache [org.hibernate.cache.spi.UpdateTimestampsCache] to [default-update-timestamps-region].
2019-10-12 15:23:50.488  WARN 76264 --- [main] org.hibernate.orm.cache                  : HHH90001007: Using legacy cache name [org.hibernate.cache.internal.StandardQueryCache] because configuration could not be found for cache [default-query-results-region]. Update your configuration to rename cache [org.hibernate.cache.internal.StandardQueryCache] to [default-query-results-region].
2019-10-12 15:23:50.620  WARN 76264 --- [main] ConfigServletWebServerApplicationContext : Exception encountered during context initialization - cancelling refresh attempt: org.springframework.beans.factory.BeanCreationException: Error creating bean with name 'entityManagerFactory' defined in class path resource [org/springframework/boot/autoconfigure/orm/jpa/HibernateJpaConfiguration.class]: Invocation of init method failed; nested exception is javax.persistence.PersistenceException: [PersistenceUnit: default] Unable to build Hibernate SessionFactory; nested exception is org.hibernate.cfg.beanvalidation.IntegrationException: Error activating Bean Validation integration
2019-10-12 15:23:50.640  INFO 76264 --- [main] com.alibaba.druid.pool.DruidDataSource   : {dataSource-1} closed
2019-10-12 15:23:50.648  INFO 76264 --- [main] o.apache.catalina.core.StandardService   : Stopping service [Tomcat]
2019-10-12 15:23:50.683  INFO 76264 --- [main] ConditionEvaluationReportLoggingListener : 

Error starting ApplicationContext. To display the conditions report re-run your application with 'debug' enabled.
2019-10-12 15:23:50.700 ERROR 76264 --- [main] o.s.boot.SpringApplication               : Application run failed

org.springframework.beans.factory.BeanCreationException: Error creating bean with name 'entityManagerFactory' defined in class path resource [org/springframework/boot/autoconfigure/orm/jpa/HibernateJpaConfiguration.class]: Invocation of init method failed; nested exception is javax.persistence.PersistenceException: [PersistenceUnit: default] Unable to build Hibernate SessionFactory; nested exception is org.hibernate.cfg.beanvalidation.IntegrationException: Error activating Bean Validation integration
	at org.springframework.beans.factory.support.AbstractAutowireCapableBeanFactory.initializeBean(AbstractAutowireCapableBeanFactory.java:1778) ~[spring-beans-5.1.7.RELEASE.jar:5.1.7.RELEASE]
	at org.springframework.beans.factory.support.AbstractAutowireCapableBeanFactory.doCreateBean(AbstractAutowireCapableBeanFactory.java:593) ~[spring-beans-5.1.7.RELEASE.jar:5.1.7.RELEASE]
	at org.springframework.beans.factory.support.AbstractAutowireCapableBeanFactory.createBean(AbstractAutowireCapableBeanFactory.java:515) ~[spring-beans-5.1.7.RELEASE.jar:5.1.7.RELEASE]
	at org.springframework.beans.factory.support.AbstractBeanFactory.lambda$doGetBean$0(AbstractBeanFactory.java:320) ~[spring-beans-5.1.7.RELEASE.jar:5.1.7.RELEASE]
	at org.springframework.beans.factory.support.DefaultSingletonBeanRegistry.getSingleton(DefaultSingletonBeanRegistry.java:222) ~[spring-beans-5.1.7.RELEASE.jar:5.1.7.RELEASE]
	at org.springframework.beans.factory.support.AbstractBeanFactory.doGetBean(AbstractBeanFactory.java:318) ~[spring-beans-5.1.7.RELEASE.jar:5.1.7.RELEASE]
	at org.springframework.beans.factory.support.AbstractBeanFactory.getBean(AbstractBeanFactory.java:199) ~[spring-beans-5.1.7.RELEASE.jar:5.1.7.RELEASE]
	at org.springframework.context.support.AbstractApplicationContext.getBean(AbstractApplicationContext.java:1105) ~[spring-context-5.1.7.RELEASE.jar:5.1.7.RELEASE]
	at org.springframework.context.support.AbstractApplicationContext.finishBeanFactoryInitialization(AbstractApplicationContext.java:867) ~[spring-context-5.1.7.RELEASE.jar:5.1.7.RELEASE]
	at org.springframework.context.support.AbstractApplicationContext.refresh(AbstractApplicationContext.java:549) ~[spring-context-5.1.7.RELEASE.jar:5.1.7.RELEASE]
	at org.springframework.boot.web.servlet.context.ServletWebServerApplicationContext.refresh(ServletWebServerApplicationContext.java:142) ~[spring-boot-2.1.5.RELEASE.jar:2.1.5.RELEASE]
	at org.springframework.boot.SpringApplication.refresh(SpringApplication.java:775) [spring-boot-2.1.5.RELEASE.jar:2.1.5.RELEASE]
	at org.springframework.boot.SpringApplication.refreshContext(SpringApplication.java:397) [spring-boot-2.1.5.RELEASE.jar:2.1.5.RELEASE]
	at org.springframework.boot.SpringApplication.run(SpringApplication.java:316) [spring-boot-2.1.5.RELEASE.jar:2.1.5.RELEASE]
	at org.springframework.boot.SpringApplication.run(SpringApplication.java:1260) [spring-boot-2.1.5.RELEASE.jar:2.1.5.RELEASE]
	at org.springframework.boot.SpringApplication.run(SpringApplication.java:1248) [spring-boot-2.1.5.RELEASE.jar:2.1.5.RELEASE]
	at com.shu.wms.BaseApplication.main(BaseApplication.java:14) [classes/:na]
Caused by: javax.persistence.PersistenceException: [PersistenceUnit: default] Unable to build Hibernate SessionFactory; nested exception is org.hibernate.cfg.beanvalidation.IntegrationException: Error activating Bean Validation integration
	at org.springframework.orm.jpa.AbstractEntityManagerFactoryBean.buildNativeEntityManagerFactory(AbstractEntityManagerFactoryBean.java:402) ~[spring-orm-5.1.7.RELEASE.jar:5.1.7.RELEASE]
	at org.springframework.orm.jpa.AbstractEntityManagerFactoryBean.afterPropertiesSet(AbstractEntityManagerFactoryBean.java:377) ~[spring-orm-5.1.7.RELEASE.jar:5.1.7.RELEASE]
	at org.springframework.orm.jpa.LocalContainerEntityManagerFactoryBean.afterPropertiesSet(LocalContainerEntityManagerFactoryBean.java:341) ~[spring-orm-5.1.7.RELEASE.jar:5.1.7.RELEASE]
	at org.springframework.beans.factory.support.AbstractAutowireCapableBeanFactory.invokeInitMethods(AbstractAutowireCapableBeanFactory.java:1837) ~[spring-beans-5.1.7.RELEASE.jar:5.1.7.RELEASE]
	at org.springframework.beans.factory.support.AbstractAutowireCapableBeanFactory.initializeBean(AbstractAutowireCapableBeanFactory.java:1774) ~[spring-beans-5.1.7.RELEASE.jar:5.1.7.RELEASE]
	... 16 common frames omitted
Caused by: org.hibernate.cfg.beanvalidation.IntegrationException: Error activating Bean Validation integration
	at org.hibernate.cfg.beanvalidation.BeanValidationIntegrator.integrate(BeanValidationIntegrator.java:137) ~[hibernate-core-5.3.10.Final.jar:5.3.10.Final]
	at org.hibernate.internal.SessionFactoryImpl.<init>(SessionFactoryImpl.java:276) ~[hibernate-core-5.3.10.Final.jar:5.3.10.Final]
	at org.hibernate.boot.internal.SessionFactoryBuilderImpl.build(SessionFactoryBuilderImpl.java:467) ~[hibernate-core-5.3.10.Final.jar:5.3.10.Final]
	at org.hibernate.jpa.boot.internal.EntityManagerFactoryBuilderImpl.build(EntityManagerFactoryBuilderImpl.java:939) ~[hibernate-core-5.3.10.Final.jar:5.3.10.Final]
	at org.springframework.orm.jpa.vendor.SpringHibernateJpaPersistenceProvider.createContainerEntityManagerFactory(SpringHibernateJpaPersistenceProvider.java:57) ~[spring-orm-5.1.7.RELEASE.jar:5.1.7.RELEASE]
	at org.springframework.orm.jpa.LocalContainerEntityManagerFactoryBean.createNativeEntityManagerFactory(LocalContainerEntityManagerFactoryBean.java:365) ~[spring-orm-5.1.7.RELEASE.jar:5.1.7.RELEASE]
	at org.springframework.orm.jpa.AbstractEntityManagerFactoryBean.buildNativeEntityManagerFactory(AbstractEntityManagerFactoryBean.java:390) ~[spring-orm-5.1.7.RELEASE.jar:5.1.7.RELEASE]
	... 20 common frames omitted
Caused by: java.lang.IllegalAccessError: javax/el/Util
	at javax.el.ELManager.getExpressionFactory(ELManager.java:30) ~[tomcat-embed-el-9.0.19.jar:2.2.FR]
	at org.hibernate.validator.messageinterpolation.ResourceBundleMessageInterpolator.buildExpressionFactory(ResourceBundleMessageInterpolator.java:88) ~[hibernate-validator-6.0.16.Final.jar:6.0.16.Final]
	at org.hibernate.validator.messageinterpolation.ResourceBundleMessageInterpolator.<init>(ResourceBundleMessageInterpolator.java:47) ~[hibernate-validator-6.0.16.Final.jar:6.0.16.Final]
	at org.hibernate.validator.internal.engine.ConfigurationImpl.getDefaultMessageInterpolator(ConfigurationImpl.java:474) ~[hibernate-validator-6.0.16.Final.jar:6.0.16.Final]
	at org.hibernate.validator.internal.engine.ConfigurationImpl.getDefaultMessageInterpolatorConfiguredWithClassLoader(ConfigurationImpl.java:650) ~[hibernate-validator-6.0.16.Final.jar:6.0.16.Final]
	at org.hibernate.validator.internal.engine.ConfigurationImpl.getMessageInterpolator(ConfigurationImpl.java:397) ~[hibernate-validator-6.0.16.Final.jar:6.0.16.Final]
	at org.hibernate.validator.internal.engine.ValidatorFactoryImpl.<init>(ValidatorFactoryImpl.java:183) ~[hibernate-validator-6.0.16.Final.jar:6.0.16.Final]
	at org.hibernate.validator.HibernateValidator.buildValidatorFactory(HibernateValidator.java:38) ~[hibernate-validator-6.0.16.Final.jar:6.0.16.Final]
	at org.hibernate.validator.internal.engine.ConfigurationImpl.buildValidatorFactory(ConfigurationImpl.java:364) ~[hibernate-validator-6.0.16.Final.jar:6.0.16.Final]
	at javax.validation.Validation.buildDefaultValidatorFactory(Validation.java:103) ~[validation-api-2.0.1.Final.jar:na]
	at org.hibernate.cfg.beanvalidation.TypeSafeActivator.getValidatorFactory(TypeSafeActivator.java:501) ~[hibernate-core-5.3.10.Final.jar:5.3.10.Final]
	at org.hibernate.cfg.beanvalidation.TypeSafeActivator.activate(TypeSafeActivator.java:84) ~[hibernate-core-5.3.10.Final.jar:5.3.10.Final]
	at sun.reflect.NativeMethodAccessorImpl.invoke0(Native Method) ~[na:1.8.0_172]
	at sun.reflect.NativeMethodAccessorImpl.invoke(NativeMethodAccessorImpl.java:62) ~[na:1.8.0_172]
	at sun.reflect.DelegatingMethodAccessorImpl.invoke(DelegatingMethodAccessorImpl.java:43) ~[na:1.8.0_172]
	at java.lang.reflect.Method.invoke(Method.java:498) ~[na:1.8.0_172]
	at org.hibernate.cfg.beanvalidation.BeanValidationIntegrator.integrate(BeanValidationIntegrator.java:131) ~[hibernate-core-5.3.10.Final.jar:5.3.10.Final]
	... 26 common frames omitted

2019-10-12 15:27:03.790  INFO 81028 --- [main] com.shu.wms.BaseApplication              : Starting BaseApplication on DESKTOP-1EFJSRC with PID 81028 (E:\shu\IdeaProjects\wms\wms-base\target\classes started by shu in E:\shu\IdeaProjects\wms)
2019-10-12 15:27:03.799  INFO 81028 --- [main] com.shu.wms.BaseApplication              : No active profile set, falling back to default profiles: default
2019-10-12 15:27:06.024  INFO 81028 --- [main] .s.d.r.c.RepositoryConfigurationDelegate : Bootstrapping Spring Data repositories in DEFAULT mode.
2019-10-12 15:27:06.109  INFO 81028 --- [main] .s.d.r.c.RepositoryConfigurationDelegate : Finished Spring Data repository scanning in 59ms. Found 0 repository interfaces.
2019-10-12 15:27:07.354  INFO 81028 --- [main] trationDelegate$BeanPostProcessorChecker : Bean 'org.springframework.transaction.annotation.ProxyTransactionManagementConfiguration' of type [org.springframework.transaction.annotation.ProxyTransactionManagementConfiguration$$EnhancerBySpringCGLIB$$f164f168] is not eligible for getting processed by all BeanPostProcessors (for example: not eligible for auto-proxying)
2019-10-12 15:27:14.253  INFO 81028 --- [main] o.s.b.w.embedded.tomcat.TomcatWebServer  : Tomcat initialized with port(s): 8082 (http)
2019-10-12 15:27:14.314  INFO 81028 --- [main] o.apache.catalina.core.StandardService   : Starting service [Tomcat]
2019-10-12 15:27:14.315  INFO 81028 --- [main] org.apache.catalina.core.StandardEngine  : Starting Servlet engine: [Apache Tomcat/9.0.19]
2019-10-12 15:27:14.623  INFO 81028 --- [main] o.a.c.c.C.[Tomcat].[localhost].[/]       : Initializing Spring embedded WebApplicationContext
2019-10-12 15:27:14.624  INFO 81028 --- [main] o.s.web.context.ContextLoader            : Root WebApplicationContext: initialization completed in 10697 ms
2019-10-12 15:27:17.606  INFO 81028 --- [main] o.hibernate.jpa.internal.util.LogHelper  : HHH000204: Processing PersistenceUnitInfo [
	name: default
	...]
2019-10-12 15:27:17.782  INFO 81028 --- [main] org.hibernate.Version                    : HHH000412: Hibernate Core {5.3.10.Final}
2019-10-12 15:27:17.785  INFO 81028 --- [main] org.hibernate.cfg.Environment            : HHH000206: hibernate.properties not found
2019-10-12 15:27:18.185  WARN 81028 --- [main] org.hibernate.orm.deprecation            : HHH020100: The Ehcache second-level cache provider for Hibernate is deprecated.  See https://hibernate.atlassian.net/browse/HHH-12441 for details.
2019-10-12 15:27:18.218  INFO 81028 --- [main] o.hibernate.annotations.common.Version   : HCANN000001: Hibernate Commons Annotations {5.0.4.Final}
2019-10-12 15:27:18.879  INFO 81028 --- [main] com.alibaba.druid.pool.DruidDataSource   : {dataSource-1} inited
2019-10-12 15:27:19.344  INFO 81028 --- [main] org.hibernate.dialect.Dialect            : HHH000400: Using dialect: org.hibernate.dialect.MySQL5Dialect
2019-10-12 15:27:20.116  WARN 81028 --- [main] org.hibernate.id.UUIDHexGenerator        : HHH000409: Using org.hibernate.id.UUIDHexGenerator which does not generate IETF RFC 4122 compliant UUID values; consider using org.hibernate.id.UUIDGenerator instead
2019-10-12 15:27:20.736  WARN 81028 --- [main] org.hibernate.orm.cache                  : HHH90001007: Using legacy cache name [org.hibernate.cache.spi.UpdateTimestampsCache] because configuration could not be found for cache [default-update-timestamps-region]. Update your configuration to rename cache [org.hibernate.cache.spi.UpdateTimestampsCache] to [default-update-timestamps-region].
2019-10-12 15:27:20.740  WARN 81028 --- [main] org.hibernate.orm.cache                  : HHH90001007: Using legacy cache name [org.hibernate.cache.internal.StandardQueryCache] because configuration could not be found for cache [default-query-results-region]. Update your configuration to rename cache [org.hibernate.cache.internal.StandardQueryCache] to [default-query-results-region].
2019-10-12 15:27:20.857  WARN 81028 --- [main] ConfigServletWebServerApplicationContext : Exception encountered during context initialization - cancelling refresh attempt: org.springframework.beans.factory.BeanCreationException: Error creating bean with name 'entityManagerFactory' defined in class path resource [org/springframework/boot/autoconfigure/orm/jpa/HibernateJpaConfiguration.class]: Invocation of init method failed; nested exception is javax.persistence.PersistenceException: [PersistenceUnit: default] Unable to build Hibernate SessionFactory; nested exception is org.hibernate.cfg.beanvalidation.IntegrationException: Error activating Bean Validation integration
2019-10-12 15:27:20.880  INFO 81028 --- [main] com.alibaba.druid.pool.DruidDataSource   : {dataSource-1} closed
2019-10-12 15:27:20.885  INFO 81028 --- [main] o.apache.catalina.core.StandardService   : Stopping service [Tomcat]
2019-10-12 15:27:20.916  INFO 81028 --- [main] ConditionEvaluationReportLoggingListener : 

Error starting ApplicationContext. To display the conditions report re-run your application with 'debug' enabled.
2019-10-12 15:27:20.930 ERROR 81028 --- [main] o.s.boot.SpringApplication               : Application run failed

org.springframework.beans.factory.BeanCreationException: Error creating bean with name 'entityManagerFactory' defined in class path resource [org/springframework/boot/autoconfigure/orm/jpa/HibernateJpaConfiguration.class]: Invocation of init method failed; nested exception is javax.persistence.PersistenceException: [PersistenceUnit: default] Unable to build Hibernate SessionFactory; nested exception is org.hibernate.cfg.beanvalidation.IntegrationException: Error activating Bean Validation integration
	at org.springframework.beans.factory.support.AbstractAutowireCapableBeanFactory.initializeBean(AbstractAutowireCapableBeanFactory.java:1778) ~[spring-beans-5.1.7.RELEASE.jar:5.1.7.RELEASE]
	at org.springframework.beans.factory.support.AbstractAutowireCapableBeanFactory.doCreateBean(AbstractAutowireCapableBeanFactory.java:593) ~[spring-beans-5.1.7.RELEASE.jar:5.1.7.RELEASE]
	at org.springframework.beans.factory.support.AbstractAutowireCapableBeanFactory.createBean(AbstractAutowireCapableBeanFactory.java:515) ~[spring-beans-5.1.7.RELEASE.jar:5.1.7.RELEASE]
	at org.springframework.beans.factory.support.AbstractBeanFactory.lambda$doGetBean$0(AbstractBeanFactory.java:320) ~[spring-beans-5.1.7.RELEASE.jar:5.1.7.RELEASE]
	at org.springframework.beans.factory.support.DefaultSingletonBeanRegistry.getSingleton(DefaultSingletonBeanRegistry.java:222) ~[spring-beans-5.1.7.RELEASE.jar:5.1.7.RELEASE]
	at org.springframework.beans.factory.support.AbstractBeanFactory.doGetBean(AbstractBeanFactory.java:318) ~[spring-beans-5.1.7.RELEASE.jar:5.1.7.RELEASE]
	at org.springframework.beans.factory.support.AbstractBeanFactory.getBean(AbstractBeanFactory.java:199) ~[spring-beans-5.1.7.RELEASE.jar:5.1.7.RELEASE]
	at org.springframework.context.support.AbstractApplicationContext.getBean(AbstractApplicationContext.java:1105) ~[spring-context-5.1.7.RELEASE.jar:5.1.7.RELEASE]
	at org.springframework.context.support.AbstractApplicationContext.finishBeanFactoryInitialization(AbstractApplicationContext.java:867) ~[spring-context-5.1.7.RELEASE.jar:5.1.7.RELEASE]
	at org.springframework.context.support.AbstractApplicationContext.refresh(AbstractApplicationContext.java:549) ~[spring-context-5.1.7.RELEASE.jar:5.1.7.RELEASE]
	at org.springframework.boot.web.servlet.context.ServletWebServerApplicationContext.refresh(ServletWebServerApplicationContext.java:142) ~[spring-boot-2.1.5.RELEASE.jar:2.1.5.RELEASE]
	at org.springframework.boot.SpringApplication.refresh(SpringApplication.java:775) [spring-boot-2.1.5.RELEASE.jar:2.1.5.RELEASE]
	at org.springframework.boot.SpringApplication.refreshContext(SpringApplication.java:397) [spring-boot-2.1.5.RELEASE.jar:2.1.5.RELEASE]
	at org.springframework.boot.SpringApplication.run(SpringApplication.java:316) [spring-boot-2.1.5.RELEASE.jar:2.1.5.RELEASE]
	at org.springframework.boot.SpringApplication.run(SpringApplication.java:1260) [spring-boot-2.1.5.RELEASE.jar:2.1.5.RELEASE]
	at org.springframework.boot.SpringApplication.run(SpringApplication.java:1248) [spring-boot-2.1.5.RELEASE.jar:2.1.5.RELEASE]
	at com.shu.wms.BaseApplication.main(BaseApplication.java:14) [classes/:na]
Caused by: javax.persistence.PersistenceException: [PersistenceUnit: default] Unable to build Hibernate SessionFactory; nested exception is org.hibernate.cfg.beanvalidation.IntegrationException: Error activating Bean Validation integration
	at org.springframework.orm.jpa.AbstractEntityManagerFactoryBean.buildNativeEntityManagerFactory(AbstractEntityManagerFactoryBean.java:402) ~[spring-orm-5.1.7.RELEASE.jar:5.1.7.RELEASE]
	at org.springframework.orm.jpa.AbstractEntityManagerFactoryBean.afterPropertiesSet(AbstractEntityManagerFactoryBean.java:377) ~[spring-orm-5.1.7.RELEASE.jar:5.1.7.RELEASE]
	at org.springframework.orm.jpa.LocalContainerEntityManagerFactoryBean.afterPropertiesSet(LocalContainerEntityManagerFactoryBean.java:341) ~[spring-orm-5.1.7.RELEASE.jar:5.1.7.RELEASE]
	at org.springframework.beans.factory.support.AbstractAutowireCapableBeanFactory.invokeInitMethods(AbstractAutowireCapableBeanFactory.java:1837) ~[spring-beans-5.1.7.RELEASE.jar:5.1.7.RELEASE]
	at org.springframework.beans.factory.support.AbstractAutowireCapableBeanFactory.initializeBean(AbstractAutowireCapableBeanFactory.java:1774) ~[spring-beans-5.1.7.RELEASE.jar:5.1.7.RELEASE]
	... 16 common frames omitted
Caused by: org.hibernate.cfg.beanvalidation.IntegrationException: Error activating Bean Validation integration
	at org.hibernate.cfg.beanvalidation.BeanValidationIntegrator.integrate(BeanValidationIntegrator.java:137) ~[hibernate-core-5.3.10.Final.jar:5.3.10.Final]
	at org.hibernate.internal.SessionFactoryImpl.<init>(SessionFactoryImpl.java:276) ~[hibernate-core-5.3.10.Final.jar:5.3.10.Final]
	at org.hibernate.boot.internal.SessionFactoryBuilderImpl.build(SessionFactoryBuilderImpl.java:467) ~[hibernate-core-5.3.10.Final.jar:5.3.10.Final]
	at org.hibernate.jpa.boot.internal.EntityManagerFactoryBuilderImpl.build(EntityManagerFactoryBuilderImpl.java:939) ~[hibernate-core-5.3.10.Final.jar:5.3.10.Final]
	at org.springframework.orm.jpa.vendor.SpringHibernateJpaPersistenceProvider.createContainerEntityManagerFactory(SpringHibernateJpaPersistenceProvider.java:57) ~[spring-orm-5.1.7.RELEASE.jar:5.1.7.RELEASE]
	at org.springframework.orm.jpa.LocalContainerEntityManagerFactoryBean.createNativeEntityManagerFactory(LocalContainerEntityManagerFactoryBean.java:365) ~[spring-orm-5.1.7.RELEASE.jar:5.1.7.RELEASE]
	at org.springframework.orm.jpa.AbstractEntityManagerFactoryBean.buildNativeEntityManagerFactory(AbstractEntityManagerFactoryBean.java:390) ~[spring-orm-5.1.7.RELEASE.jar:5.1.7.RELEASE]
	... 20 common frames omitted
Caused by: java.lang.IllegalAccessError: javax/el/Util
	at javax.el.ELManager.getExpressionFactory(ELManager.java:30) ~[tomcat-embed-el-9.0.19.jar:2.2.FR]
	at org.hibernate.validator.messageinterpolation.ResourceBundleMessageInterpolator.buildExpressionFactory(ResourceBundleMessageInterpolator.java:88) ~[hibernate-validator-6.0.16.Final.jar:6.0.16.Final]
	at org.hibernate.validator.messageinterpolation.ResourceBundleMessageInterpolator.<init>(ResourceBundleMessageInterpolator.java:47) ~[hibernate-validator-6.0.16.Final.jar:6.0.16.Final]
	at org.hibernate.validator.internal.engine.ConfigurationImpl.getDefaultMessageInterpolator(ConfigurationImpl.java:474) ~[hibernate-validator-6.0.16.Final.jar:6.0.16.Final]
	at org.hibernate.validator.internal.engine.ConfigurationImpl.getDefaultMessageInterpolatorConfiguredWithClassLoader(ConfigurationImpl.java:650) ~[hibernate-validator-6.0.16.Final.jar:6.0.16.Final]
	at org.hibernate.validator.internal.engine.ConfigurationImpl.getMessageInterpolator(ConfigurationImpl.java:397) ~[hibernate-validator-6.0.16.Final.jar:6.0.16.Final]
	at org.hibernate.validator.internal.engine.ValidatorFactoryImpl.<init>(ValidatorFactoryImpl.java:183) ~[hibernate-validator-6.0.16.Final.jar:6.0.16.Final]
	at org.hibernate.validator.HibernateValidator.buildValidatorFactory(HibernateValidator.java:38) ~[hibernate-validator-6.0.16.Final.jar:6.0.16.Final]
	at org.hibernate.validator.internal.engine.ConfigurationImpl.buildValidatorFactory(ConfigurationImpl.java:364) ~[hibernate-validator-6.0.16.Final.jar:6.0.16.Final]
	at javax.validation.Validation.buildDefaultValidatorFactory(Validation.java:103) ~[validation-api-2.0.1.Final.jar:na]
	at org.hibernate.cfg.beanvalidation.TypeSafeActivator.getValidatorFactory(TypeSafeActivator.java:501) ~[hibernate-core-5.3.10.Final.jar:5.3.10.Final]
	at org.hibernate.cfg.beanvalidation.TypeSafeActivator.activate(TypeSafeActivator.java:84) ~[hibernate-core-5.3.10.Final.jar:5.3.10.Final]
	at sun.reflect.NativeMethodAccessorImpl.invoke0(Native Method) ~[na:1.8.0_172]
	at sun.reflect.NativeMethodAccessorImpl.invoke(NativeMethodAccessorImpl.java:62) ~[na:1.8.0_172]
	at sun.reflect.DelegatingMethodAccessorImpl.invoke(DelegatingMethodAccessorImpl.java:43) ~[na:1.8.0_172]
	at java.lang.reflect.Method.invoke(Method.java:498) ~[na:1.8.0_172]
	at org.hibernate.cfg.beanvalidation.BeanValidationIntegrator.integrate(BeanValidationIntegrator.java:131) ~[hibernate-core-5.3.10.Final.jar:5.3.10.Final]
	... 26 common frames omitted

2019-10-12 15:29:56.973  INFO 45332 --- [main] com.shu.wms.BaseApplication              : Starting BaseApplication on DESKTOP-1EFJSRC with PID 45332 (E:\shu\IdeaProjects\wms\wms-base\target\classes started by shu in E:\shu\IdeaProjects\wms)
2019-10-12 15:29:57.000  INFO 45332 --- [main] com.shu.wms.BaseApplication              : No active profile set, falling back to default profiles: default
2019-10-12 15:30:00.901  INFO 45332 --- [main] .s.d.r.c.RepositoryConfigurationDelegate : Bootstrapping Spring Data repositories in DEFAULT mode.
2019-10-12 15:30:01.018  INFO 45332 --- [main] .s.d.r.c.RepositoryConfigurationDelegate : Finished Spring Data repository scanning in 90ms. Found 0 repository interfaces.
2019-10-12 15:30:03.374  INFO 45332 --- [main] trationDelegate$BeanPostProcessorChecker : Bean 'org.springframework.transaction.annotation.ProxyTransactionManagementConfiguration' of type [org.springframework.transaction.annotation.ProxyTransactionManagementConfiguration$$EnhancerBySpringCGLIB$$6cac5fdf] is not eligible for getting processed by all BeanPostProcessors (for example: not eligible for auto-proxying)
2019-10-12 15:30:10.536  INFO 45332 --- [main] o.s.b.w.embedded.tomcat.TomcatWebServer  : Tomcat initialized with port(s): 8082 (http)
2019-10-12 15:30:10.628  INFO 45332 --- [main] o.apache.catalina.core.StandardService   : Starting service [Tomcat]
2019-10-12 15:30:10.629  INFO 45332 --- [main] org.apache.catalina.core.StandardEngine  : Starting Servlet engine: [Apache Tomcat/9.0.19]
2019-10-12 15:30:11.185  INFO 45332 --- [main] o.a.c.c.C.[Tomcat].[localhost].[/]       : Initializing Spring embedded WebApplicationContext
2019-10-12 15:30:11.185  INFO 45332 --- [main] o.s.web.context.ContextLoader            : Root WebApplicationContext: initialization completed in 13831 ms
2019-10-12 15:30:12.284  INFO 45332 --- [main] o.hibernate.jpa.internal.util.LogHelper  : HHH000204: Processing PersistenceUnitInfo [
	name: default
	...]
2019-10-12 15:30:12.573  INFO 45332 --- [main] org.hibernate.Version                    : HHH000412: Hibernate Core {5.3.10.Final}
2019-10-12 15:30:12.577  INFO 45332 --- [main] org.hibernate.cfg.Environment            : HHH000206: hibernate.properties not found
2019-10-12 15:30:13.114  WARN 45332 --- [main] org.hibernate.orm.deprecation            : HHH020100: The Ehcache second-level cache provider for Hibernate is deprecated.  See https://hibernate.atlassian.net/browse/HHH-12441 for details.
2019-10-12 15:30:13.159  INFO 45332 --- [main] o.hibernate.annotations.common.Version   : HCANN000001: Hibernate Commons Annotations {5.0.4.Final}
2019-10-12 15:30:13.878  INFO 45332 --- [main] com.alibaba.druid.pool.DruidDataSource   : {dataSource-1} inited
2019-10-12 15:30:14.443  INFO 45332 --- [main] org.hibernate.dialect.Dialect            : HHH000400: Using dialect: org.hibernate.dialect.MySQL5Dialect
2019-10-12 15:30:15.288  WARN 45332 --- [main] org.hibernate.id.UUIDHexGenerator        : HHH000409: Using org.hibernate.id.UUIDHexGenerator which does not generate IETF RFC 4122 compliant UUID values; consider using org.hibernate.id.UUIDGenerator instead
2019-10-12 15:30:16.075  WARN 45332 --- [main] org.hibernate.orm.cache                  : HHH90001007: Using legacy cache name [org.hibernate.cache.spi.UpdateTimestampsCache] because configuration could not be found for cache [default-update-timestamps-region]. Update your configuration to rename cache [org.hibernate.cache.spi.UpdateTimestampsCache] to [default-update-timestamps-region].
2019-10-12 15:30:16.082  WARN 45332 --- [main] org.hibernate.orm.cache                  : HHH90001007: Using legacy cache name [org.hibernate.cache.internal.StandardQueryCache] because configuration could not be found for cache [default-query-results-region]. Update your configuration to rename cache [org.hibernate.cache.internal.StandardQueryCache] to [default-query-results-region].
2019-10-12 15:30:20.239  INFO 45332 --- [main] j.LocalContainerEntityManagerFactoryBean : Initialized JPA EntityManagerFactory for persistence unit 'default'
2019-10-12 15:30:21.531  INFO 45332 --- [main] o.s.s.concurrent.ThreadPoolTaskExecutor  : Initializing ExecutorService 'applicationTaskExecutor'
2019-10-12 15:30:21.771  WARN 45332 --- [main] aWebConfiguration$JpaWebMvcConfiguration : spring.jpa.open-in-view is enabled by default. Therefore, database queries may be performed during view rendering. Explicitly configure spring.jpa.open-in-view to disable this warning
2019-10-12 15:30:23.461 ERROR 45332 --- [main] org.apache.catalina.util.LifecycleBase   : Failed to start component [Connector[HTTP/1.1-8082]]

org.apache.catalina.LifecycleException: Protocol handler start failed
	at org.apache.catalina.connector.Connector.startInternal(Connector.java:1008) ~[tomcat-embed-core-9.0.19.jar:9.0.19]
	at org.apache.catalina.util.LifecycleBase.start(LifecycleBase.java:183) ~[tomcat-embed-core-9.0.19.jar:9.0.19]
	at org.apache.catalina.core.StandardService.addConnector(StandardService.java:226) [tomcat-embed-core-9.0.19.jar:9.0.19]
	at org.springframework.boot.web.embedded.tomcat.TomcatWebServer.addPreviouslyRemovedConnectors(TomcatWebServer.java:259) [spring-boot-2.1.5.RELEASE.jar:2.1.5.RELEASE]
	at org.springframework.boot.web.embedded.tomcat.TomcatWebServer.start(TomcatWebServer.java:197) [spring-boot-2.1.5.RELEASE.jar:2.1.5.RELEASE]
	at org.springframework.boot.web.servlet.context.ServletWebServerApplicationContext.startWebServer(ServletWebServerApplicationContext.java:311) [spring-boot-2.1.5.RELEASE.jar:2.1.5.RELEASE]
	at org.springframework.boot.web.servlet.context.ServletWebServerApplicationContext.finishRefresh(ServletWebServerApplicationContext.java:164) [spring-boot-2.1.5.RELEASE.jar:2.1.5.RELEASE]
	at org.springframework.context.support.AbstractApplicationContext.refresh(AbstractApplicationContext.java:552) [spring-context-5.1.7.RELEASE.jar:5.1.7.RELEASE]
	at org.springframework.boot.web.servlet.context.ServletWebServerApplicationContext.refresh(ServletWebServerApplicationContext.java:142) [spring-boot-2.1.5.RELEASE.jar:2.1.5.RELEASE]
	at org.springframework.boot.SpringApplication.refresh(SpringApplication.java:775) [spring-boot-2.1.5.RELEASE.jar:2.1.5.RELEASE]
	at org.springframework.boot.SpringApplication.refreshContext(SpringApplication.java:397) [spring-boot-2.1.5.RELEASE.jar:2.1.5.RELEASE]
	at org.springframework.boot.SpringApplication.run(SpringApplication.java:316) [spring-boot-2.1.5.RELEASE.jar:2.1.5.RELEASE]
	at org.springframework.boot.SpringApplication.run(SpringApplication.java:1260) [spring-boot-2.1.5.RELEASE.jar:2.1.5.RELEASE]
	at org.springframework.boot.SpringApplication.run(SpringApplication.java:1248) [spring-boot-2.1.5.RELEASE.jar:2.1.5.RELEASE]
	at com.shu.wms.BaseApplication.main(BaseApplication.java:14) [classes/:na]
Caused by: java.net.BindException: Address already in use: bind
	at sun.nio.ch.Net.bind0(Native Method) ~[na:1.8.0_144]
	at sun.nio.ch.Net.bind(Net.java:433) ~[na:1.8.0_144]
	at sun.nio.ch.Net.bind(Net.java:425) ~[na:1.8.0_144]
	at sun.nio.ch.ServerSocketChannelImpl.bind(ServerSocketChannelImpl.java:223) ~[na:1.8.0_144]
	at sun.nio.ch.ServerSocketAdaptor.bind(ServerSocketAdaptor.java:74) ~[na:1.8.0_144]
	at org.apache.tomcat.util.net.NioEndpoint.initServerSocket(NioEndpoint.java:239) ~[tomcat-embed-core-9.0.19.jar:9.0.19]
	at org.apache.tomcat.util.net.NioEndpoint.bind(NioEndpoint.java:213) ~[tomcat-embed-core-9.0.19.jar:9.0.19]
	at org.apache.tomcat.util.net.AbstractEndpoint.bindWithCleanup(AbstractEndpoint.java:1116) ~[tomcat-embed-core-9.0.19.jar:9.0.19]
	at org.apache.tomcat.util.net.AbstractEndpoint.start(AbstractEndpoint.java:1202) ~[tomcat-embed-core-9.0.19.jar:9.0.19]
	at org.apache.coyote.AbstractProtocol.start(AbstractProtocol.java:568) ~[tomcat-embed-core-9.0.19.jar:9.0.19]
	at org.apache.catalina.connector.Connector.startInternal(Connector.java:1005) ~[tomcat-embed-core-9.0.19.jar:9.0.19]
	... 14 common frames omitted

2019-10-12 15:30:23.479  INFO 45332 --- [main] o.apache.catalina.core.StandardService   : Stopping service [Tomcat]
2019-10-12 15:30:23.527  INFO 45332 --- [main] ConditionEvaluationReportLoggingListener : 

Error starting ApplicationContext. To display the conditions report re-run your application with 'debug' enabled.
2019-10-12 15:30:23.532 ERROR 45332 --- [main] o.s.b.d.LoggingFailureAnalysisReporter   : 

***************************
APPLICATION FAILED TO START
***************************

Description:

The Tomcat connector configured to listen on port 8082 failed to start. The port may already be in use or the connector may be misconfigured.

Action:

Verify the connector's configuration, identify and stop any process that's listening on port 8082, or configure this application to listen on another port.

2019-10-12 15:30:23.544  INFO 45332 --- [main] o.s.s.concurrent.ThreadPoolTaskExecutor  : Shutting down ExecutorService 'applicationTaskExecutor'
2019-10-12 15:30:23.552  INFO 45332 --- [main] j.LocalContainerEntityManagerFactoryBean : Closing JPA EntityManagerFactory for persistence unit 'default'
2019-10-12 15:30:23.634  INFO 45332 --- [main] com.alibaba.druid.pool.DruidDataSource   : {dataSource-1} closed
2019-10-12 15:31:51.427  INFO 35476 --- [main] com.shu.wms.BaseApplication              : Starting BaseApplication on DESKTOP-1EFJSRC with PID 35476 (E:\shu\IdeaProjects\wms\wms-base\target\classes started by shu in E:\shu\IdeaProjects\wms)
2019-10-12 15:31:51.436  INFO 35476 --- [main] com.shu.wms.BaseApplication              : No active profile set, falling back to default profiles: default
2019-10-12 15:31:54.348  INFO 35476 --- [main] .s.d.r.c.RepositoryConfigurationDelegate : Bootstrapping Spring Data repositories in DEFAULT mode.
2019-10-12 15:31:54.447  INFO 35476 --- [main] .s.d.r.c.RepositoryConfigurationDelegate : Finished Spring Data repository scanning in 72ms. Found 0 repository interfaces.
2019-10-12 15:31:55.768  INFO 35476 --- [main] trationDelegate$BeanPostProcessorChecker : Bean 'org.springframework.transaction.annotation.ProxyTransactionManagementConfiguration' of type [org.springframework.transaction.annotation.ProxyTransactionManagementConfiguration$$EnhancerBySpringCGLIB$$f58ef730] is not eligible for getting processed by all BeanPostProcessors (for example: not eligible for auto-proxying)
2019-10-12 15:32:03.368  INFO 35476 --- [main] o.s.b.w.embedded.tomcat.TomcatWebServer  : Tomcat initialized with port(s): 8086 (http)
2019-10-12 15:32:03.440  INFO 35476 --- [main] o.apache.catalina.core.StandardService   : Starting service [Tomcat]
2019-10-12 15:32:03.441  INFO 35476 --- [main] org.apache.catalina.core.StandardEngine  : Starting Servlet engine: [Apache Tomcat/9.0.19]
2019-10-12 15:32:03.927  INFO 35476 --- [main] o.a.c.c.C.[Tomcat].[localhost].[/]       : Initializing Spring embedded WebApplicationContext
2019-10-12 15:32:03.927  INFO 35476 --- [main] o.s.web.context.ContextLoader            : Root WebApplicationContext: initialization completed in 12281 ms
2019-10-12 15:32:04.806  INFO 35476 --- [main] o.hibernate.jpa.internal.util.LogHelper  : HHH000204: Processing PersistenceUnitInfo [
	name: default
	...]
2019-10-12 15:32:05.052  INFO 35476 --- [main] org.hibernate.Version                    : HHH000412: Hibernate Core {5.3.10.Final}
2019-10-12 15:32:05.059  INFO 35476 --- [main] org.hibernate.cfg.Environment            : HHH000206: hibernate.properties not found
2019-10-12 15:32:05.537  WARN 35476 --- [main] org.hibernate.orm.deprecation            : HHH020100: The Ehcache second-level cache provider for Hibernate is deprecated.  See https://hibernate.atlassian.net/browse/HHH-12441 for details.
2019-10-12 15:32:05.583  INFO 35476 --- [main] o.hibernate.annotations.common.Version   : HCANN000001: Hibernate Commons Annotations {5.0.4.Final}
2019-10-12 15:32:06.285  INFO 35476 --- [main] com.alibaba.druid.pool.DruidDataSource   : {dataSource-1} inited
2019-10-12 15:32:06.701  INFO 35476 --- [main] org.hibernate.dialect.Dialect            : HHH000400: Using dialect: org.hibernate.dialect.MySQL5Dialect
2019-10-12 15:32:07.488  WARN 35476 --- [main] org.hibernate.id.UUIDHexGenerator        : HHH000409: Using org.hibernate.id.UUIDHexGenerator which does not generate IETF RFC 4122 compliant UUID values; consider using org.hibernate.id.UUIDGenerator instead
2019-10-12 15:32:08.522  WARN 35476 --- [main] org.hibernate.orm.cache                  : HHH90001007: Using legacy cache name [org.hibernate.cache.spi.UpdateTimestampsCache] because configuration could not be found for cache [default-update-timestamps-region]. Update your configuration to rename cache [org.hibernate.cache.spi.UpdateTimestampsCache] to [default-update-timestamps-region].
2019-10-12 15:32:08.528  WARN 35476 --- [main] org.hibernate.orm.cache                  : HHH90001007: Using legacy cache name [org.hibernate.cache.internal.StandardQueryCache] because configuration could not be found for cache [default-query-results-region]. Update your configuration to rename cache [org.hibernate.cache.internal.StandardQueryCache] to [default-query-results-region].
2019-10-12 15:32:11.566  INFO 35476 --- [main] j.LocalContainerEntityManagerFactoryBean : Initialized JPA EntityManagerFactory for persistence unit 'default'
2019-10-12 15:32:12.613  INFO 35476 --- [main] o.s.s.concurrent.ThreadPoolTaskExecutor  : Initializing ExecutorService 'applicationTaskExecutor'
2019-10-12 15:32:12.797  WARN 35476 --- [main] aWebConfiguration$JpaWebMvcConfiguration : spring.jpa.open-in-view is enabled by default. Therefore, database queries may be performed during view rendering. Explicitly configure spring.jpa.open-in-view to disable this warning
2019-10-12 15:32:14.178  INFO 35476 --- [main] o.s.b.w.embedded.tomcat.TomcatWebServer  : Tomcat started on port(s): 8086 (http) with context path ''
2019-10-12 15:32:14.193  INFO 35476 --- [main] com.shu.wms.BaseApplication              : Started BaseApplication in 24.333 seconds (JVM running for 25.932)
2019-10-12 15:32:36.979  INFO 35476 --- [http-nio-8086-exec-1] o.a.c.c.C.[Tomcat].[localhost].[/]       : Initializing Spring DispatcherServlet 'dispatcherServlet'
2019-10-12 15:32:36.980  INFO 35476 --- [http-nio-8086-exec-1] o.s.web.servlet.DispatcherServlet        : Initializing Servlet 'dispatcherServlet'
2019-10-12 15:32:37.000  INFO 35476 --- [http-nio-8086-exec-1] o.s.web.servlet.DispatcherServlet        : Completed initialization in 20 ms
2019-10-12 15:32:37.388  INFO 35476 --- [http-nio-8086-exec-1] i.StatisticalLoggingSessionEventListener : Session Metrics {
    0 nanoseconds spent acquiring 0 JDBC connections;
    0 nanoseconds spent releasing 0 JDBC connections;
    0 nanoseconds spent preparing 0 JDBC statements;
    0 nanoseconds spent executing 0 JDBC statements;
    0 nanoseconds spent executing 0 JDBC batches;
    0 nanoseconds spent performing 0 L2C puts;
    0 nanoseconds spent performing 0 L2C hits;
    0 nanoseconds spent performing 0 L2C misses;
    0 nanoseconds spent executing 0 flushes (flushing a total of 0 entities and 0 collections);
    0 nanoseconds spent executing 0 partial-flushes (flushing a total of 0 entities and 0 collections)
}
2019-10-12 15:32:37.501  INFO 35476 --- [http-nio-8086-exec-1] i.StatisticalLoggingSessionEventListener : Session Metrics {
    0 nanoseconds spent acquiring 0 JDBC connections;
    0 nanoseconds spent releasing 0 JDBC connections;
    0 nanoseconds spent preparing 0 JDBC statements;
    0 nanoseconds spent executing 0 JDBC statements;
    0 nanoseconds spent executing 0 JDBC batches;
    0 nanoseconds spent performing 0 L2C puts;
    0 nanoseconds spent performing 0 L2C hits;
    0 nanoseconds spent performing 0 L2C misses;
    0 nanoseconds spent executing 0 flushes (flushing a total of 0 entities and 0 collections);
    0 nanoseconds spent executing 0 partial-flushes (flushing a total of 0 entities and 0 collections)
}
2019-10-12 15:33:17.153  INFO 35476 --- [http-nio-8086-exec-4] o.h.h.i.QueryTranslatorFactoryInitiator  : HHH000397: Using ASTQueryTranslatorFactory
2019-10-12 15:33:17.813  INFO 35476 --- [http-nio-8086-exec-4] i.StatisticalLoggingSessionEventListener : Session Metrics {
    7973600 nanoseconds spent acquiring 1 JDBC connections;
    0 nanoseconds spent releasing 0 JDBC connections;
    33518600 nanoseconds spent preparing 1 JDBC statements;
    10348300 nanoseconds spent executing 1 JDBC statements;
    0 nanoseconds spent executing 0 JDBC batches;
    0 nanoseconds spent performing 0 L2C puts;
    0 nanoseconds spent performing 0 L2C hits;
    0 nanoseconds spent performing 0 L2C misses;
    15468100 nanoseconds spent executing 1 flushes (flushing a total of 1 entities and 0 collections);
    91900 nanoseconds spent executing 1 partial-flushes (flushing a total of 0 entities and 0 collections)
}
2019-10-12 15:50:42.185  INFO 71092 --- [main] com.shu.wms.OrderApplication             : Starting OrderApplication on DESKTOP-1EFJSRC with PID 71092 (E:\shu\IdeaProjects\wms\wms-order\target\classes started by shu in E:\shu\IdeaProjects\wms)
2019-10-12 15:50:42.194  INFO 71092 --- [main] com.shu.wms.OrderApplication             : No active profile set, falling back to default profiles: default
2019-10-12 15:50:43.770  INFO 71092 --- [main] .s.d.r.c.RepositoryConfigurationDelegate : Bootstrapping Spring Data repositories in DEFAULT mode.
2019-10-12 15:50:43.832  INFO 71092 --- [main] .s.d.r.c.RepositoryConfigurationDelegate : Finished Spring Data repository scanning in 42ms. Found 0 repository interfaces.
2019-10-12 15:50:44.701  INFO 71092 --- [main] trationDelegate$BeanPostProcessorChecker : Bean 'org.springframework.transaction.annotation.ProxyTransactionManagementConfiguration' of type [org.springframework.transaction.annotation.ProxyTransactionManagementConfiguration$$EnhancerBySpringCGLIB$$309d99ef] is not eligible for getting processed by all BeanPostProcessors (for example: not eligible for auto-proxying)
2019-10-12 15:50:45.970  INFO 71092 --- [main] o.s.b.w.embedded.tomcat.TomcatWebServer  : Tomcat initialized with port(s): 8088 (http)
2019-10-12 15:50:46.336  INFO 71092 --- [main] o.apache.catalina.core.StandardService   : Starting service [Tomcat]
2019-10-12 15:50:46.337  INFO 71092 --- [main] org.apache.catalina.core.StandardEngine  : Starting Servlet engine: [Apache Tomcat/9.0.19]
2019-10-12 15:50:47.284  INFO 71092 --- [main] o.a.c.c.C.[Tomcat].[localhost].[/]       : Initializing Spring embedded WebApplicationContext
2019-10-12 15:50:47.284  INFO 71092 --- [main] o.s.web.context.ContextLoader            : Root WebApplicationContext: initialization completed in 4985 ms
2019-10-12 15:50:48.307  INFO 71092 --- [main] o.hibernate.jpa.internal.util.LogHelper  : HHH000204: Processing PersistenceUnitInfo [
	name: default
	...]
2019-10-12 15:50:48.482  INFO 71092 --- [main] org.hibernate.Version                    : HHH000412: Hibernate Core {5.3.10.Final}
2019-10-12 15:50:48.487  INFO 71092 --- [main] org.hibernate.cfg.Environment            : HHH000206: hibernate.properties not found
2019-10-12 15:50:48.973  WARN 71092 --- [main] org.hibernate.orm.deprecation            : HHH020100: The Ehcache second-level cache provider for Hibernate is deprecated.  See https://hibernate.atlassian.net/browse/HHH-12441 for details.
2019-10-12 15:50:49.011  INFO 71092 --- [main] o.hibernate.annotations.common.Version   : HCANN000001: Hibernate Commons Annotations {5.0.4.Final}
2019-10-12 15:50:49.436  INFO 71092 --- [main] com.alibaba.druid.pool.DruidDataSource   : {dataSource-1} inited
2019-10-12 15:50:49.707  INFO 71092 --- [main] org.hibernate.dialect.Dialect            : HHH000400: Using dialect: org.hibernate.dialect.MySQL5Dialect
2019-10-12 15:50:51.049  WARN 71092 --- [main] org.hibernate.orm.cache                  : HHH90001007: Using legacy cache name [org.hibernate.cache.spi.UpdateTimestampsCache] because configuration could not be found for cache [default-update-timestamps-region]. Update your configuration to rename cache [org.hibernate.cache.spi.UpdateTimestampsCache] to [default-update-timestamps-region].
2019-10-12 15:50:51.055  WARN 71092 --- [main] org.hibernate.orm.cache                  : HHH90001007: Using legacy cache name [org.hibernate.cache.internal.StandardQueryCache] because configuration could not be found for cache [default-query-results-region]. Update your configuration to rename cache [org.hibernate.cache.internal.StandardQueryCache] to [default-query-results-region].
2019-10-12 15:50:54.108  INFO 71092 --- [main] j.LocalContainerEntityManagerFactoryBean : Initialized JPA EntityManagerFactory for persistence unit 'default'
2019-10-12 15:50:54.219  WARN 71092 --- [main] ConfigServletWebServerApplicationContext : Exception encountered during context initialization - cancelling refresh attempt: org.springframework.beans.factory.UnsatisfiedDependencyException: Error creating bean with name 'submitOrderController': Unsatisfied dependency expressed through field 'restTemplate'; nested exception is org.springframework.beans.factory.NoSuchBeanDefinitionException: No qualifying bean of type 'org.springframework.web.client.RestTemplate' available: expected at least 1 bean which qualifies as autowire candidate. Dependency annotations: {@org.springframework.beans.factory.annotation.Autowired(required=true)}
2019-10-12 15:50:54.219  INFO 71092 --- [main] j.LocalContainerEntityManagerFactoryBean : Closing JPA EntityManagerFactory for persistence unit 'default'
2019-10-12 15:50:54.260  INFO 71092 --- [main] com.alibaba.druid.pool.DruidDataSource   : {dataSource-1} closed
2019-10-12 15:50:54.264  INFO 71092 --- [main] o.apache.catalina.core.StandardService   : Stopping service [Tomcat]
2019-10-12 15:50:54.290  INFO 71092 --- [main] ConditionEvaluationReportLoggingListener : 

Error starting ApplicationContext. To display the conditions report re-run your application with 'debug' enabled.
2019-10-12 15:50:54.781 ERROR 71092 --- [main] o.s.b.d.LoggingFailureAnalysisReporter   : 

***************************
APPLICATION FAILED TO START
***************************

Description:

Field restTemplate in com.shu.wms.action.SubmitOrderController required a bean of type 'org.springframework.web.client.RestTemplate' that could not be found.

The injection point has the following annotations:
	- @org.springframework.beans.factory.annotation.Autowired(required=true)


Action:

Consider defining a bean of type 'org.springframework.web.client.RestTemplate' in your configuration.

2019-10-12 15:52:36.444  INFO 5528 --- [main] com.shu.wms.OrderApplication             : Starting OrderApplication on DESKTOP-1EFJSRC with PID 5528 (E:\shu\IdeaProjects\wms\wms-order\target\classes started by shu in E:\shu\IdeaProjects\wms)
2019-10-12 15:52:36.451  INFO 5528 --- [main] com.shu.wms.OrderApplication             : No active profile set, falling back to default profiles: default
2019-10-12 15:52:38.614  INFO 5528 --- [main] .s.d.r.c.RepositoryConfigurationDelegate : Bootstrapping Spring Data repositories in DEFAULT mode.
2019-10-12 15:52:39.216  INFO 5528 --- [main] .s.d.r.c.RepositoryConfigurationDelegate : Finished Spring Data repository scanning in 284ms. Found 0 repository interfaces.
2019-10-12 15:52:41.279  INFO 5528 --- [main] trationDelegate$BeanPostProcessorChecker : Bean 'org.springframework.transaction.annotation.ProxyTransactionManagementConfiguration' of type [org.springframework.transaction.annotation.ProxyTransactionManagementConfiguration$$EnhancerBySpringCGLIB$$1491cc9] is not eligible for getting processed by all BeanPostProcessors (for example: not eligible for auto-proxying)
2019-10-12 15:52:41.905  INFO 5528 --- [main] o.s.b.w.embedded.tomcat.TomcatWebServer  : Tomcat initialized with port(s): 8088 (http)
2019-10-12 15:52:41.961  INFO 5528 --- [main] o.apache.catalina.core.StandardService   : Starting service [Tomcat]
2019-10-12 15:52:41.962  INFO 5528 --- [main] org.apache.catalina.core.StandardEngine  : Starting Servlet engine: [Apache Tomcat/9.0.19]
2019-10-12 15:52:42.199  INFO 5528 --- [main] o.a.c.c.C.[Tomcat].[localhost].[/]       : Initializing Spring embedded WebApplicationContext
2019-10-12 15:52:42.200  INFO 5528 --- [main] o.s.web.context.ContextLoader            : Root WebApplicationContext: initialization completed in 5662 ms
2019-10-12 15:52:42.769  INFO 5528 --- [main] o.hibernate.jpa.internal.util.LogHelper  : HHH000204: Processing PersistenceUnitInfo [
	name: default
	...]
2019-10-12 15:52:42.934  INFO 5528 --- [main] org.hibernate.Version                    : HHH000412: Hibernate Core {5.3.10.Final}
2019-10-12 15:52:42.939  INFO 5528 --- [main] org.hibernate.cfg.Environment            : HHH000206: hibernate.properties not found
2019-10-12 15:52:43.334  WARN 5528 --- [main] org.hibernate.orm.deprecation            : HHH020100: The Ehcache second-level cache provider for Hibernate is deprecated.  See https://hibernate.atlassian.net/browse/HHH-12441 for details.
2019-10-12 15:52:43.365  INFO 5528 --- [main] o.hibernate.annotations.common.Version   : HCANN000001: Hibernate Commons Annotations {5.0.4.Final}
2019-10-12 15:52:43.785  INFO 5528 --- [main] com.alibaba.druid.pool.DruidDataSource   : {dataSource-1} inited
2019-10-12 15:52:44.520  INFO 5528 --- [main] org.hibernate.dialect.Dialect            : HHH000400: Using dialect: org.hibernate.dialect.MySQL5Dialect
2019-10-12 15:52:45.672  WARN 5528 --- [main] org.hibernate.orm.cache                  : HHH90001007: Using legacy cache name [org.hibernate.cache.spi.UpdateTimestampsCache] because configuration could not be found for cache [default-update-timestamps-region]. Update your configuration to rename cache [org.hibernate.cache.spi.UpdateTimestampsCache] to [default-update-timestamps-region].
2019-10-12 15:52:45.678  WARN 5528 --- [main] org.hibernate.orm.cache                  : HHH90001007: Using legacy cache name [org.hibernate.cache.internal.StandardQueryCache] because configuration could not be found for cache [default-query-results-region]. Update your configuration to rename cache [org.hibernate.cache.internal.StandardQueryCache] to [default-query-results-region].
2019-10-12 15:52:47.615  INFO 5528 --- [main] j.LocalContainerEntityManagerFactoryBean : Initialized JPA EntityManagerFactory for persistence unit 'default'
2019-10-12 15:52:48.743  INFO 5528 --- [main] o.s.s.concurrent.ThreadPoolTaskExecutor  : Initializing ExecutorService 'applicationTaskExecutor'
2019-10-12 15:52:48.918  WARN 5528 --- [main] aWebConfiguration$JpaWebMvcConfiguration : spring.jpa.open-in-view is enabled by default. Therefore, database queries may be performed during view rendering. Explicitly configure spring.jpa.open-in-view to disable this warning
2019-10-12 15:52:49.748  INFO 5528 --- [main] o.s.b.w.embedded.tomcat.TomcatWebServer  : Tomcat started on port(s): 8088 (http) with context path ''
2019-10-12 15:52:49.756  INFO 5528 --- [main] com.shu.wms.OrderApplication             : Started OrderApplication in 14.757 seconds (JVM running for 28.944)
2019-10-12 15:55:48.943  INFO 5528 --- [http-nio-8088-exec-1] o.a.c.c.C.[Tomcat].[localhost].[/]       : Initializing Spring DispatcherServlet 'dispatcherServlet'
2019-10-12 15:55:48.945  INFO 5528 --- [http-nio-8088-exec-1] o.s.web.servlet.DispatcherServlet        : Initializing Servlet 'dispatcherServlet'
2019-10-12 15:55:48.976  INFO 5528 --- [http-nio-8088-exec-1] o.s.web.servlet.DispatcherServlet        : Completed initialization in 31 ms
2019-10-12 15:55:49.414  INFO 5528 --- [http-nio-8088-exec-1] i.StatisticalLoggingSessionEventListener : Session Metrics {
    10044900 nanoseconds spent acquiring 1 JDBC connections;
    0 nanoseconds spent releasing 0 JDBC connections;
    35118600 nanoseconds spent preparing 1 JDBC statements;
    11237200 nanoseconds spent executing 1 JDBC statements;
    0 nanoseconds spent executing 0 JDBC batches;
    0 nanoseconds spent performing 0 L2C puts;
    0 nanoseconds spent performing 0 L2C hits;
    0 nanoseconds spent performing 0 L2C misses;
    0 nanoseconds spent executing 0 flushes (flushing a total of 0 entities and 0 collections);
    0 nanoseconds spent executing 0 partial-flushes (flushing a total of 0 entities and 0 collections)
}
